{
  "RSpec": {
    "coverage": {
      "/Users/davehoover/Projects/sandbox/rails2/mocking/gist_browser/app/controllers/application_controller.rb": [
        1,
        1,
        null
      ],
      "/Users/davehoover/Projects/sandbox/rails2/mocking/gist_browser/app/helpers/application_helper.rb": [
        1,
        null
      ],
      "/Users/davehoover/Projects/sandbox/rails2/mocking/gist_browser/app/helpers/browsing_helper.rb": [
        1,
        1,
        2,
        1,
        0,
        0,
        null,
        null
      ],
      "/Users/davehoover/Projects/sandbox/rails2/mocking/gist_browser/app/controllers/browsing_controller.rb": [
        1,
        1,
        1,
        1,
        null,
        null
      ]
    },
    "timestamp": 1350486131
  }
}
